WiSIM CODE RELEASE VERSION: "NON_RELEASE"
Reading geometry file: D:/wisim/wisim.qt4/zhanjiang_geom8.cgeo
Reading antenna file: D:\wisim\x.190606.2.qt4\antenna\HTDW18196510.txt
Reading antenna file: D:\wisim\x.190606.2.qt4\antenna\HTDBS196512.txt
Reading antenna file: D:\wisim\x.190606.2.qt4\antenna\HTQ-1.9-4.5.txt
Reading antenna file: D:\wisim\x.190606.2.qt4\antenna\HTQ-1.9-7.0_10.txt
Reading antenna file: D:\wisim\x.190606.2.qt4\antenna\HTQ-1.9-7.0_20.txt
Reading antenna file: D:\wisim\x.190606.2.qt4\antenna\HTQ-1.9-7.2.txt
Reading antenna file: D:\wisim\x.190606.2.qt4\antenna\HTQ-1.9-9_5.txt
Reading antenna file: D:\wisim\x.190606.2.qt4\antenna\HTQ-1.9-9_10.txt
Reading antenna file: D:\wisim\x.190606.2.qt4\antenna\HTQ-1.9-9_20.txt
Reading antenna file: D:\wisim\x.190606.2.qt4\antenna\HTSX-1.9-13.txt
Reading antenna file: D:\wisim\x.190606.2.qt4\antenna\HTDBS196515_N.txt
Reading antenna file: D:\wisim\x.190606.2.qt4\antenna\HTDBS196517_N.txt
Reading antenna file: D:\wisim\x.190606.2.qt4\antenna\HTDW18194512.txt
Reading antenna file: D:\wisim\x.190606.2.qt4\antenna\HTQ-2.4-8.0_double.txt
Reading antenna file: D:\wisim\x.190606.2.qt4\antenna\HTQ-2.4-8.0_10.txt
Reading antenna file: D:\wisim\x.190606.2.qt4\antenna\HTQ-2.445-8.0_10.txt
Reading antenna file: D:\wisim\x.190606.2.qt4\antenna\HTQ-2.49-8.0_10.txt
COORDINATE SYSTEM: UTM
EQUATORIAL RADIUS: 6380725
ECCENTRICITY SQ: 0.006681000
ZONE = 49N
SYSTEM AREA = 1.1848200000e+005 (grid pts^2) = 4.7392800000e+005 (m^2)
AVG CELL RADIUS = 6.8660388812e+001 (grid pts) = 1.3732077762e+002 (m)
WARNING: Cells 5 and 4 are both located at the same position (438738.0000000, 2344662.0000000)
Reading geometry file: D:/wisim/wisim.qt4/zhanjiang_geom8.cgeo
Reading antenna file: D:\wisim\x.190606.2.qt4\antenna\HTDW18196510.txt
Reading antenna file: D:\wisim\x.190606.2.qt4\antenna\HTDBS196512.txt
Reading antenna file: D:\wisim\x.190606.2.qt4\antenna\HTQ-1.9-4.5.txt
Reading antenna file: D:\wisim\x.190606.2.qt4\antenna\HTQ-1.9-7.0_10.txt
Reading antenna file: D:\wisim\x.190606.2.qt4\antenna\HTQ-1.9-7.0_20.txt
Reading antenna file: D:\wisim\x.190606.2.qt4\antenna\HTQ-1.9-7.2.txt
Reading antenna file: D:\wisim\x.190606.2.qt4\antenna\HTQ-1.9-9_5.txt
Reading antenna file: D:\wisim\x.190606.2.qt4\antenna\HTQ-1.9-9_10.txt
Reading antenna file: D:\wisim\x.190606.2.qt4\antenna\HTQ-1.9-9_20.txt
Reading antenna file: D:\wisim\x.190606.2.qt4\antenna\HTSX-1.9-13.txt
Reading antenna file: D:\wisim\x.190606.2.qt4\antenna\HTDBS196515_N.txt
Reading antenna file: D:\wisim\x.190606.2.qt4\antenna\HTDBS196517_N.txt
Reading antenna file: D:\wisim\x.190606.2.qt4\antenna\HTDW18194512.txt
Reading antenna file: D:\wisim\x.190606.2.qt4\antenna\HTQ-2.4-8.0_double.txt
Reading antenna file: D:\wisim\x.190606.2.qt4\antenna\HTQ-2.4-8.0_10.txt
Reading antenna file: D:\wisim\x.190606.2.qt4\antenna\HTQ-2.445-8.0_10.txt
Reading antenna file: D:\wisim\x.190606.2.qt4\antenna\HTQ-2.49-8.0_10.txt
COORDINATE SYSTEM: UTM
EQUATORIAL RADIUS: 6380725
ECCENTRICITY SQ: 0.006681000
ZONE = 49N
SYSTEM AREA = 1.1848200000e+005 (grid pts^2) = 4.7392800000e+005 (m^2)
AVG CELL RADIUS = 6.8660388812e+001 (grid pts) = 1.3732077762e+002 (m)
WARNING: Cells 5 and 4 are both located at the same position (438738.0000000, 2344662.0000000)
mode set to SIMULATE
Running Coverage Analysis:
Analysis type LEVEL
Scan fractional area:    0.9950000
NPTS_X: 497
NPTS_Y: 342
Mon Jun 17 15:14:16 2019
BEGIN: scanning area ...
Scanning with scan_res = 16 ...
done
Mon Jun 17 15:14:16 2019
Scanning with scan_res = 8 ...
done
Mon Jun 17 15:14:16 2019
Scanning with scan_res = 4 ...
done
Mon Jun 17 15:14:16 2019
Scanning with scan_res = 2 ...
done
Mon Jun 17 15:14:16 2019
Scanning with scan_res = 1 ...
done
Mon Jun 17 15:14:16 2019
DONE: scanning area ...
Mon Jun 17 15:14:16 2019
mode set to EDIT_GEOMETRY
Reading geometry file: D:/wisim/wisim.qt4/zhanjiang_geom8.cgeo
Reading antenna file: D:\wisim\x.190606.2.qt4\antenna\HTDW18196510.txt
Reading antenna file: D:\wisim\x.190606.2.qt4\antenna\HTDBS196512.txt
Reading antenna file: D:\wisim\x.190606.2.qt4\antenna\HTQ-1.9-4.5.txt
Reading antenna file: D:\wisim\x.190606.2.qt4\antenna\HTQ-1.9-7.0_10.txt
Reading antenna file: D:\wisim\x.190606.2.qt4\antenna\HTQ-1.9-7.0_20.txt
Reading antenna file: D:\wisim\x.190606.2.qt4\antenna\HTQ-1.9-7.2.txt
Reading antenna file: D:\wisim\x.190606.2.qt4\antenna\HTQ-1.9-9_5.txt
Reading antenna file: D:\wisim\x.190606.2.qt4\antenna\HTQ-1.9-9_10.txt
Reading antenna file: D:\wisim\x.190606.2.qt4\antenna\HTQ-1.9-9_20.txt
Reading antenna file: D:\wisim\x.190606.2.qt4\antenna\HTSX-1.9-13.txt
Reading antenna file: D:\wisim\x.190606.2.qt4\antenna\HTDBS196515_N.txt
Reading antenna file: D:\wisim\x.190606.2.qt4\antenna\HTDBS196517_N.txt
Reading antenna file: D:\wisim\x.190606.2.qt4\antenna\HTDW18194512.txt
Reading antenna file: D:\wisim\x.190606.2.qt4\antenna\HTQ-2.4-8.0_double.txt
Reading antenna file: D:\wisim\x.190606.2.qt4\antenna\HTQ-2.4-8.0_10.txt
Reading antenna file: D:\wisim\x.190606.2.qt4\antenna\HTQ-2.445-8.0_10.txt
Reading antenna file: D:\wisim\x.190606.2.qt4\antenna\HTQ-2.49-8.0_10.txt
COORDINATE SYSTEM: UTM
EQUATORIAL RADIUS: 6380725
ECCENTRICITY SQ: 0.006681000
ZONE = 49N
SYSTEM AREA = 1.1848200000e+005 (grid pts^2) = 4.7392800000e+005 (m^2)
AVG CELL RADIUS = 6.8660388812e+001 (grid pts) = 1.3732077762e+002 (m)
WARNING: Cells 5 and 4 are both located at the same position (438738.0000000, 2344662.0000000)
mode set to SIMULATE
Running Coverage Analysis:
Analysis type LEVEL
Scan fractional area:    0.9950000
NPTS_X: 497
NPTS_Y: 342
Mon Jun 17 15:15:25 2019
BEGIN: scanning area ...
Scanning with scan_res = 16 ...
done
Mon Jun 17 15:15:25 2019
Scanning with scan_res = 8 ...
done
Mon Jun 17 15:15:25 2019
Scanning with scan_res = 4 ...
done
Mon Jun 17 15:15:25 2019
Scanning with scan_res = 2 ...
done
Mon Jun 17 15:15:25 2019
Scanning with scan_res = 1 ...
done
Mon Jun 17 15:15:25 2019
DONE: scanning area ...
Mon Jun 17 15:15:25 2019
mode set to EDIT_GEOMETRY
Reading geometry file: D:/wisim/wisim.qt4/zhanjiang_geom8.cgeo
Reading antenna file: D:\wisim\x.190606.2.qt4\antenna\HTDW18196510.txt
Reading antenna file: D:\wisim\x.190606.2.qt4\antenna\HTDBS196512.txt
Reading antenna file: D:\wisim\x.190606.2.qt4\antenna\HTQ-1.9-4.5.txt
Reading antenna file: D:\wisim\x.190606.2.qt4\antenna\HTQ-1.9-7.0_10.txt
Reading antenna file: D:\wisim\x.190606.2.qt4\antenna\HTQ-1.9-7.0_20.txt
Reading antenna file: D:\wisim\x.190606.2.qt4\antenna\HTQ-1.9-7.2.txt
Reading antenna file: D:\wisim\x.190606.2.qt4\antenna\HTQ-1.9-9_5.txt
Reading antenna file: D:\wisim\x.190606.2.qt4\antenna\HTQ-1.9-9_10.txt
Reading antenna file: D:\wisim\x.190606.2.qt4\antenna\HTQ-1.9-9_20.txt
Reading antenna file: D:\wisim\x.190606.2.qt4\antenna\HTSX-1.9-13.txt
Reading antenna file: D:\wisim\x.190606.2.qt4\antenna\HTDBS196515_N.txt
Reading antenna file: D:\wisim\x.190606.2.qt4\antenna\HTDBS196517_N.txt
Reading antenna file: D:\wisim\x.190606.2.qt4\antenna\HTDW18194512.txt
Reading antenna file: D:\wisim\x.190606.2.qt4\antenna\HTQ-2.4-8.0_double.txt
Reading antenna file: D:\wisim\x.190606.2.qt4\antenna\HTQ-2.4-8.0_10.txt
Reading antenna file: D:\wisim\x.190606.2.qt4\antenna\HTQ-2.445-8.0_10.txt
Reading antenna file: D:\wisim\x.190606.2.qt4\antenna\HTQ-2.49-8.0_10.txt
COORDINATE SYSTEM: UTM
EQUATORIAL RADIUS: 6380725
ECCENTRICITY SQ: 0.006681000
ZONE = 49N
SYSTEM AREA = 1.1848200000e+005 (grid pts^2) = 4.7392800000e+005 (m^2)
AVG CELL RADIUS = 6.8660388812e+001 (grid pts) = 1.3732077762e+002 (m)
WARNING: Cells 5 and 4 are both located at the same position (438738.0000000, 2344662.0000000)
mode set to SIMULATE
mode set to EDIT_GEOMETRY
mode set to SIMULATE
Running Coverage Analysis:
Analysis type LEVEL
Scan fractional area:    0.9950000
NPTS_X: 600
NPTS_Y: 483
Mon Jun 17 15:18:05 2019
BEGIN: scanning area ...
Scanning with scan_res = 16 ...
done
Mon Jun 17 15:18:05 2019
Scanning with scan_res = 8 ...
done
Mon Jun 17 15:18:05 2019
Scanning with scan_res = 4 ...
done
Mon Jun 17 15:18:05 2019
Scanning with scan_res = 2 ...
done
Mon Jun 17 15:18:05 2019
Scanning with scan_res = 1 ...
done
Mon Jun 17 15:18:05 2019
DONE: scanning area ...
Mon Jun 17 15:18:05 2019
mode set to EDIT_GEOMETRY
