WiSIM CODE RELEASE VERSION: "190626"
Reading from file runcvg.ccmd
Reading geometry file: sectors.cgeo
Reading antenna file: D:\wisim\x.190606.2.qt4\antenna\HTDW18196510.txt
Reading antenna file: D:\wisim\x.190606.2.qt4\antenna\HTDBS196512.txt
Reading antenna file: D:\wisim\x.190606.2.qt4\antenna\HTQ-1.9-4.5.txt
Reading antenna file: D:\wisim\x.190606.2.qt4\antenna\HTQ-1.9-7.0_10.txt
Reading antenna file: D:\wisim\x.190606.2.qt4\antenna\HTQ-1.9-7.0_20.txt
Reading antenna file: D:\wisim\x.190606.2.qt4\antenna\HTQ-1.9-7.2.txt
Reading antenna file: D:\wisim\x.190606.2.qt4\antenna\HTQ-1.9-9_5.txt
Reading antenna file: D:\wisim\x.190606.2.qt4\antenna\HTQ-1.9-9_10.txt
Reading antenna file: D:\wisim\x.190606.2.qt4\antenna\HTQ-1.9-9_20.txt
Reading antenna file: D:\wisim\x.190606.2.qt4\antenna\HTSX-1.9-13.txt
Reading antenna file: D:\wisim\x.190606.2.qt4\antenna\HTDBS196515_N.txt
Reading antenna file: D:\wisim\x.190606.2.qt4\antenna\HTDBS196517_N.txt
Reading antenna file: D:\wisim\x.190606.2.qt4\antenna\HTDW18194512.txt
Reading antenna file: D:\wisim\x.190606.2.qt4\antenna\HTQ-2.4-8.0_double.txt
Reading antenna file: D:\wisim\x.190606.2.qt4\antenna\HTQ-2.4-8.0_10.txt
Reading antenna file: D:\wisim\x.190606.2.qt4\antenna\HTQ-2.445-8.0_10.txt
Reading antenna file: D:\wisim\x.190606.2.qt4\antenna\HTQ-2.49-8.0_10.txt
Reading antenna file: D:\wisim\x.190606.2.qt4\antenna\HTQ-1.9-9_0.txt
Reading antenna file: D:\wisim\x.190606.2.qt4\antenna\HTQ-1.9-8.5_20-NO.2-J7_HV1900.txt
COORDINATE SYSTEM: UTM
EQUATORIAL RADIUS: 6380725
ECCENTRICITY SQ: 0.006681000
ZONE = 48N
SYSTEM AREA = 4.4471800000e+005 (grid pts^2) = 4.4471800000e+005 (m^2)
AVG CELL RADIUS = 1.8812106206e+002 (grid pts) = 1.8812106206e+002 (m)
mode set to SIMULATE
Running Coverage Analysis:
Analysis type LEVEL
Scan fractional area:    0.9950000
NPTS_X: 853
NPTS_Y: 666
Mon Jul 01 08:49:23 2019
BEGIN: scanning area ...
Scanning with scan_res = 8 ...
done
Mon Jul 01 08:49:23 2019
Scanning with scan_res = 4 ...
done
Mon Jul 01 08:49:23 2019
Scanning with scan_res = 2 ...
done
Mon Jul 01 08:49:23 2019
Scanning with scan_res = 1 ...
done
Mon Jul 01 08:49:23 2019
DONE: scanning area ...
Mon Jul 01 08:49:23 2019
Running Coverage Analysis:
Analysis type LEVEL
Scan fractional area:    0.9950000
NPTS_X: 853
NPTS_Y: 666
Mon Jul 01 08:49:24 2019
BEGIN: scanning area ...
Scanning with scan_res = 16 ...
done
Mon Jul 01 08:49:24 2019
Scanning with scan_res = 8 ...
done
Mon Jul 01 08:49:24 2019
Scanning with scan_res = 4 ...
done
Mon Jul 01 08:49:24 2019
Scanning with scan_res = 2 ...
done
Mon Jul 01 08:49:24 2019
Scanning with scan_res = 1 ...
done
Mon Jul 01 08:49:24 2019
DONE: scanning area ...
Mon Jul 01 08:49:24 2019
Running Coverage Analysis:
Analysis type LEVEL
Scan fractional area:    0.9950000
NPTS_X: 853
NPTS_Y: 666
Mon Jul 01 08:49:25 2019
BEGIN: scanning area ...
Scanning with scan_res = 16 ...
done
Mon Jul 01 08:49:25 2019
Scanning with scan_res = 8 ...
done
Mon Jul 01 08:49:25 2019
Scanning with scan_res = 4 ...
done
Mon Jul 01 08:49:25 2019
Scanning with scan_res = 2 ...
done
Mon Jul 01 08:49:25 2019
Scanning with scan_res = 1 ...
done
Mon Jul 01 08:49:25 2019
DONE: scanning area ...
Mon Jul 01 08:49:25 2019
