WiSIM CODE RELEASE VERSION: "190626"
Reading from file runcvg.ccmd
Reading geometry file: sectors.cgeo
Reading antenna file: D:\wisim\x.190606.2.qt4\antenna\HTDW18196510.txt
Reading antenna file: D:\wisim\x.190606.2.qt4\antenna\HTDBS196512.txt
Reading antenna file: D:\wisim\x.190606.2.qt4\antenna\HTQ-1.9-4.5.txt
Reading antenna file: D:\wisim\x.190606.2.qt4\antenna\HTQ-1.9-7.0_10.txt
Reading antenna file: D:\wisim\x.190606.2.qt4\antenna\HTQ-1.9-7.0_20.txt
Reading antenna file: D:\wisim\x.190606.2.qt4\antenna\HTQ-1.9-7.2.txt
Reading antenna file: D:\wisim\x.190606.2.qt4\antenna\HTQ-1.9-9_5.txt
Reading antenna file: D:\wisim\x.190606.2.qt4\antenna\HTQ-1.9-9_10.txt
Reading antenna file: D:\wisim\x.190606.2.qt4\antenna\HTQ-1.9-9_20.txt
Reading antenna file: D:\wisim\x.190606.2.qt4\antenna\HTSX-1.9-13.txt
Reading antenna file: D:\wisim\x.190606.2.qt4\antenna\HTDBS196515_N.txt
Reading antenna file: D:\wisim\x.190606.2.qt4\antenna\HTDBS196517_N.txt
Reading antenna file: D:\wisim\x.190606.2.qt4\antenna\HTDW18194512.txt
Reading antenna file: D:\wisim\x.190606.2.qt4\antenna\HTQ-2.4-8.0_double.txt
Reading antenna file: D:\wisim\x.190606.2.qt4\antenna\HTQ-2.4-8.0_10.txt
Reading antenna file: D:\wisim\x.190606.2.qt4\antenna\HTQ-2.445-8.0_10.txt
Reading antenna file: D:\wisim\x.190606.2.qt4\antenna\HTQ-2.49-8.0_10.txt
Reading antenna file: D:\wisim\x.190606.2.qt4\antenna\HTQ-1.9-9_0.txt
Reading antenna file: D:\wisim\x.190606.2.qt4\antenna\HTQ-1.9-8.5_20-NO.2-J7_HV1900.txt
COORDINATE SYSTEM: UTM
EQUATORIAL RADIUS: 6380725
ECCENTRICITY SQ: 0.006681000
ZONE = 48N
SYSTEM AREA = 4.4471800000e+005 (grid pts^2) = 4.4471800000e+005 (m^2)
AVG CELL RADIUS = 1.8812106206e+002 (grid pts) = 1.8812106206e+002 (m)
mode set to SIMULATE
Running Coverage Analysis:
Analysis type LEVEL
Scan fractional area:    0.9950000
NPTS_X: 853
NPTS_Y: 666
Thu Jul 25 09:58:31 2019
BEGIN: scanning area ...
Scanning with scan_res = 8 ...
done
Thu Jul 25 09:58:31 2019
Scanning with scan_res = 4 ...
done
Thu Jul 25 09:58:31 2019
Scanning with scan_res = 2 ...
done
Thu Jul 25 09:58:31 2019
Scanning with scan_res = 1 ...
done
Thu Jul 25 09:58:31 2019
DONE: scanning area ...
Thu Jul 25 09:58:31 2019
Running Coverage Analysis:
Analysis type LEVEL
Scan fractional area:    0.9950000
NPTS_X: 853
NPTS_Y: 666
Thu Jul 25 09:58:32 2019
BEGIN: scanning area ...
Scanning with scan_res = 16 ...
done
Thu Jul 25 09:58:32 2019
Scanning with scan_res = 8 ...
done
Thu Jul 25 09:58:32 2019
Scanning with scan_res = 4 ...
done
Thu Jul 25 09:58:32 2019
Scanning with scan_res = 2 ...
done
Thu Jul 25 09:58:32 2019
Scanning with scan_res = 1 ...
done
Thu Jul 25 09:58:32 2019
DONE: scanning area ...
Thu Jul 25 09:58:32 2019
Running Coverage Analysis:
Analysis type LEVEL
Scan fractional area:    0.9950000
NPTS_X: 853
NPTS_Y: 666
Thu Jul 25 09:58:33 2019
BEGIN: scanning area ...
Scanning with scan_res = 16 ...
done
Thu Jul 25 09:58:33 2019
Scanning with scan_res = 8 ...
done
Thu Jul 25 09:58:33 2019
Scanning with scan_res = 4 ...
done
Thu Jul 25 09:58:33 2019
Scanning with scan_res = 2 ...
done
Thu Jul 25 09:58:33 2019
Scanning with scan_res = 1 ...
done
Thu Jul 25 09:58:33 2019
DONE: scanning area ...
Thu Jul 25 09:58:33 2019
mode set to EDIT_GEOMETRY
mode set to SIMULATE
KPI: 0.0000000000e+000 0.0000000000e+000 0.0000000000e+000 0.0000000000e+000
match starting...
ERROR: traffic type "COMM" has no subnets with non-zero traffic
ERROR: traffic type "LREG" has no subnets with non-zero traffic
ERROR: Simulation has no specified traffic.  Either no subnets exist or all subnets have arrival_rate zero
mode set to EDIT_GEOMETRY
